<?xml version="1.0" encoding="UTF-8"?>
<robot generator="Robot 7.3.2 (Python 3.13.9 on win32)" generated="2025-11-16T16:20:38.114066" rpa="false" schemaversion="5">
<suite id="s1" name="Tests" source="C:\Users\User\Documents\OHTU\ohtu-palautukset\Viikko3\hello-robot\src\tests">
<suite id="s1-s1" name="Increase Counter" source="C:\Users\User\Documents\OHTU\ohtu-palautukset\Viikko3\hello-robot\src\tests\increase_counter.robot">
<test id="s1-s1-t1" name="Increase Counter Once" line="5">
<kw name="Counter Value Should Be" owner="CounterLibrary">
<arg>0</arg>
<status status="PASS" start="2025-11-16T16:20:38.136315" elapsed="0.000077"/>
</kw>
<kw name="Increase Counter" owner="CounterLibrary">
<status status="PASS" start="2025-11-16T16:20:38.136500" elapsed="0.000045"/>
</kw>
<kw name="Counter Value Should Be" owner="CounterLibrary">
<arg>1</arg>
<status status="PASS" start="2025-11-16T16:20:38.136613" elapsed="0.000037"/>
</kw>
<status status="PASS" start="2025-11-16T16:20:38.135959" elapsed="0.000764"/>
</test>
<test id="s1-s1-t2" name="Increase Counter Many Times" line="10">
<kw name="Counter Value Should Be" owner="CounterLibrary">
<arg>0</arg>
<status status="PASS" start="2025-11-16T16:20:38.137139" elapsed="0.000064"/>
</kw>
<kw name="Increase Counter" owner="CounterLibrary">
<status status="PASS" start="2025-11-16T16:20:38.137325" elapsed="0.000053"/>
</kw>
<kw name="Increase Counter" owner="CounterLibrary">
<status status="PASS" start="2025-11-16T16:20:38.137451" elapsed="0.000031"/>
</kw>
<kw name="Increase Counter" owner="CounterLibrary">
<status status="PASS" start="2025-11-16T16:20:38.137536" elapsed="0.000026"/>
</kw>
<kw name="Counter Value Should Be" owner="CounterLibrary">
<arg>3</arg>
<status status="PASS" start="2025-11-16T16:20:38.137607" elapsed="0.000033"/>
</kw>
<status status="PASS" start="2025-11-16T16:20:38.136949" elapsed="0.000817"/>
</test>
<test id="s1-s1-t3" name="Increment Counter By Amount" line="17">
<kw name="Counter Value Should Be" owner="CounterLibrary">
<arg>0</arg>
<status status="PASS" start="2025-11-16T16:20:38.138182" elapsed="0.000059"/>
</kw>
<kw name="Increment Counter By" owner="CounterLibrary">
<arg>5</arg>
<status status="PASS" start="2025-11-16T16:20:38.138313" elapsed="0.000035"/>
</kw>
<kw name="Counter Value Should Be" owner="CounterLibrary">
<arg>5</arg>
<status status="PASS" start="2025-11-16T16:20:38.138405" elapsed="0.000029"/>
</kw>
<status status="PASS" start="2025-11-16T16:20:38.138028" elapsed="0.000475"/>
</test>
<test id="s1-s1-t4" name="Reset Counter After One Increment" line="22">
<kw name="Counter Value Should Be" owner="CounterLibrary">
<arg>0</arg>
<status status="PASS" start="2025-11-16T16:20:38.138852" elapsed="0.000047"/>
</kw>
<kw name="Increase Counter" owner="CounterLibrary">
<status status="PASS" start="2025-11-16T16:20:38.138964" elapsed="0.000029"/>
</kw>
<kw name="Counter Value Should Be" owner="CounterLibrary">
<arg>1</arg>
<status status="PASS" start="2025-11-16T16:20:38.139044" elapsed="0.000030"/>
</kw>
<kw name="Reset Counter" owner="CounterLibrary">
<status status="PASS" start="2025-11-16T16:20:38.139127" elapsed="0.000027"/>
</kw>
<kw name="Counter Value Should Be" owner="CounterLibrary">
<arg>0</arg>
<status status="PASS" start="2025-11-16T16:20:38.139203" elapsed="0.000029"/>
</kw>
<status status="PASS" start="2025-11-16T16:20:38.138706" elapsed="0.000625"/>
</test>
<test id="s1-s1-t5" name="Reset Counter After Several Increments" line="29">
<kw name="Counter Value Should Be" owner="CounterLibrary">
<arg>0</arg>
<status status="PASS" start="2025-11-16T16:20:38.139776" elapsed="0.000071"/>
</kw>
<kw name="Increment Counter By" owner="CounterLibrary">
<arg>5</arg>
<status status="PASS" start="2025-11-16T16:20:38.139939" elapsed="0.000039"/>
</kw>
<kw name="Counter Value Should Be" owner="CounterLibrary">
<arg>5</arg>
<status status="PASS" start="2025-11-16T16:20:38.140043" elapsed="0.000031"/>
</kw>
<kw name="Reset Counter" owner="CounterLibrary">
<status status="PASS" start="2025-11-16T16:20:38.140125" elapsed="0.000029"/>
</kw>
<kw name="Counter Value Should Be" owner="CounterLibrary">
<arg>0</arg>
<status status="PASS" start="2025-11-16T16:20:38.140202" elapsed="0.000028"/>
</kw>
<status status="PASS" start="2025-11-16T16:20:38.139598" elapsed="0.000699"/>
</test>
<status status="PASS" start="2025-11-16T16:20:38.128052" elapsed="0.012526"/>
</suite>
<status status="PASS" start="2025-11-16T16:20:38.114825" elapsed="0.026124"/>
</suite>
<statistics>
<total>
<stat pass="5" fail="0" skip="0">All Tests</stat>
</total>
<tag>
</tag>
<suite>
<stat name="Tests" id="s1" pass="5" fail="0" skip="0">Tests</stat>
<stat name="Increase Counter" id="s1-s1" pass="5" fail="0" skip="0">Tests.Increase Counter</stat>
</suite>
</statistics>
<errors>
</errors>
</robot>
